Using pre-set license
Built from '2022.3/staging' branch; Version is '2022.3.19f1 (244b723c30a6) revision 2378610'; Using compiler version '192829333'; Build Type 'Release'
OS: 'Windows 10  (10.0.19045) 64bit Core' Language: 'en' Physical Memory: 16309 MB
BatchMode: 1, IsHumanControllingUs: 0, StartBugReporterOnCrash: 0, Is64bit: 1, IsPro: 1

COMMAND LINE ARGUMENTS:
C:\Program Files\Unity\Hub\Editor\2022.3.19f1\Editor\Unity.exe
-adb2
-batchMode
-noUpm
-name
AssetImportWorker0
-projectPath
C:/Users/Naglis/OneDrive/Desktop/ass corsa/vroom vroom
-logFile
Logs/AssetImportWorker0.log
-srvPort
56910
Successfully changed project path to: C:/Users/Naglis/OneDrive/Desktop/ass corsa/vroom vroom
C:/Users/Naglis/OneDrive/Desktop/ass corsa/vroom vroom
[UnityMemory] Configuration Parameters - Can be set up in boot.config
    "memorysetup-bucket-allocator-granularity=16"
    "memorysetup-bucket-allocator-bucket-count=8"
    "memorysetup-bucket-allocator-block-size=33554432"
    "memorysetup-bucket-allocator-block-count=8"
    "memorysetup-main-allocator-block-size=16777216"
    "memorysetup-thread-allocator-block-size=16777216"
    "memorysetup-gfx-main-allocator-block-size=16777216"
    "memorysetup-gfx-thread-allocator-block-size=16777216"
    "memorysetup-cache-allocator-block-size=4194304"
    "memorysetup-typetree-allocator-block-size=2097152"
    "memorysetup-profiler-bucket-allocator-granularity=16"
    "memorysetup-profiler-bucket-allocator-bucket-count=8"
    "memorysetup-profiler-bucket-allocator-block-size=33554432"
    "memorysetup-profiler-bucket-allocator-block-count=8"
    "memorysetup-profiler-allocator-block-size=16777216"
    "memorysetup-profiler-editor-allocator-block-size=1048576"
    "memorysetup-temp-allocator-size-main=16777216"
    "memorysetup-job-temp-allocator-block-size=2097152"
    "memorysetup-job-temp-allocator-block-size-background=1048576"
    "memorysetup-job-temp-allocator-reduction-small-platforms=262144"
    "memorysetup-allocator-temp-initial-block-size-main=262144"
    "memorysetup-allocator-temp-initial-block-size-worker=262144"
    "memorysetup-temp-allocator-size-background-worker=32768"
    "memorysetup-temp-allocator-size-job-worker=262144"
    "memorysetup-temp-allocator-size-preload-manager=33554432"
    "memorysetup-temp-allocator-size-nav-mesh-worker=65536"
    "memorysetup-temp-allocator-size-audio-worker=65536"
    "memorysetup-temp-allocator-size-cloud-worker=32768"
    "memorysetup-temp-allocator-size-gi-baking-worker=262144"
    "memorysetup-temp-allocator-size-gfx=262144"
Player connection [9416] Host "[IP] 192.168.51.42 [Port] 0 [Flags] 2 [Guid] 1836209117 [EditorId] 1836209117 [Version] 1048832 [Id] WindowsEditor(7,DESKTOP-RBT2IBL) [Debug] 1 [PackageName] WindowsEditor [ProjectName] Editor" joined multi-casting on [225.0.0.222:54997]...

Player connection [9416] Host "[IP] 192.168.51.42 [Port] 0 [Flags] 2 [Guid] 1836209117 [EditorId] 1836209117 [Version] 1048832 [Id] WindowsEditor(7,DESKTOP-RBT2IBL) [Debug] 1 [PackageName] WindowsEditor [ProjectName] Editor" joined alternative multi-casting on [225.0.0.222:34997]...

[Physics::Module] Initialized MultithreadedJobDispatcher with 11 workers.
Refreshing native plugins compatible for Editor in 7.96 ms, found 3 plugins.
Preloading 0 native plugins for Editor in 0.00 ms.
Initialize engine version: 2022.3.19f1 (244b723c30a6)
[Subsystems] Discovering subsystems at path C:/Program Files/Unity/Hub/Editor/2022.3.19f1/Editor/Data/Resources/UnitySubsystems
[Subsystems] Discovering subsystems at path C:/Users/Naglis/OneDrive/Desktop/ass corsa/vroom vroom/Assets
GfxDevice: creating device client; threaded=0; jobified=0
Direct3D:
    Version:  Direct3D 11.0 [level 11.1]
    Renderer: NVIDIA GeForce GTX 1660 SUPER (ID=0x21c4)
    Vendor:   NVIDIA
    VRAM:     5980 MB
    Driver:   31.0.15.3742
Initialize mono
Mono path[0] = 'C:/Program Files/Unity/Hub/Editor/2022.3.19f1/Editor/Data/Managed'
Mono path[1] = 'C:/Program Files/Unity/Hub/Editor/2022.3.19f1/Editor/Data/MonoBleedingEdge/lib/mono/unityjit-win32'
Mono config path = 'C:/Program Files/Unity/Hub/Editor/2022.3.19f1/Editor/Data/MonoBleedingEdge/etc'
Using monoOptions --debugger-agent=transport=dt_socket,embedding=1,server=y,suspend=n,address=127.0.0.1:56452
Begin MonoManager ReloadAssembly
Registering precompiled unity dll's ...
Register platform support module: C:/Program Files/Unity/Hub/Editor/2022.3.19f1/Editor/Data/PlaybackEngines/WebGLSupport/UnityEditor.WebGL.Extensions.dll
Register platform support module: C:/Program Files/Unity/Hub/Editor/2022.3.19f1/Editor/Data/PlaybackEngines/WindowsStandaloneSupport/UnityEditor.WindowsStandalone.Extensions.dll
Registered in 0.012652 seconds.
- Loaded All Assemblies, in  0.335 seconds
Native extension for WindowsStandalone target not found
Native extension for WebGL target not found
Mono: successfully reloaded assembly
- Finished resetting the current domain, in  0.250 seconds
Domain Reload Profiling: 583ms
	BeginReloadAssembly (96ms)
		ExecutionOrderSort (0ms)
		DisableScriptedObjects (0ms)
		BackupInstance (0ms)
		ReleaseScriptingObjects (0ms)
		CreateAndSetChildDomain (1ms)
	RebuildCommonClasses (33ms)
	RebuildNativeTypeToScriptingClass (11ms)
	initialDomainReloadingComplete (62ms)
	LoadAllAssembliesAndSetupDomain (131ms)
		LoadAssemblies (94ms)
		RebuildTransferFunctionScriptingTraits (0ms)
		AnalyzeDomain (129ms)
			TypeCache.Refresh (128ms)
				TypeCache.ScanAssembly (117ms)
			ScanForSourceGeneratedMonoScriptInfo (0ms)
			ResolveRequiredComponents (0ms)
	FinalizeReload (250ms)
		ReleaseScriptCaches (0ms)
		RebuildScriptCaches (0ms)
		SetupLoadedEditorAssemblies (199ms)
			LogAssemblyErrors (0ms)
			InitializePlatformSupportModulesInManaged (10ms)
			SetLoadedEditorAssemblies (6ms)
			RefreshPlugins (0ms)
			BeforeProcessingInitializeOnLoad (2ms)
			ProcessInitializeOnLoadAttributes (138ms)
			ProcessInitializeOnLoadMethodAttributes (43ms)
			AfterProcessingInitializeOnLoad (0ms)
			EditorAssembliesLoaded (0ms)
		ExecutionOrderSort2 (0ms)
		AwakeInstancesAfterBackupRestoration (0ms)
========================================================================
Worker process is ready to serve import requests
Begin MonoManager ReloadAssembly
- Loaded All Assemblies, in  0.566 seconds
Refreshing native plugins compatible for Editor in 3.19 ms, found 3 plugins.
Native extension for WindowsStandalone target not found
Native extension for WebGL target not found
Package Manager log level set to [2]
[Package Manager] Server::EnsureServerProcessIsRunning -- launch failed, reason: Unity was launched with the -noUpm command-line argument
[Package Manager] UpmClient::Send -- Unable to send message (not connected to UPM process).
[Package Manager] Cannot connect to Unity Package Manager local server
Mono: successfully reloaded assembly
- Finished resetting the current domain, in  0.537 seconds
Domain Reload Profiling: 1100ms
	BeginReloadAssembly (132ms)
		ExecutionOrderSort (0ms)
		DisableScriptedObjects (6ms)
		BackupInstance (0ms)
		ReleaseScriptingObjects (0ms)
		CreateAndSetChildDomain (18ms)
	RebuildCommonClasses (32ms)
	RebuildNativeTypeToScriptingClass (11ms)
	initialDomainReloadingComplete (40ms)
	LoadAllAssembliesAndSetupDomain (347ms)
		LoadAssemblies (264ms)
		RebuildTransferFunctionScriptingTraits (0ms)
		AnalyzeDomain (161ms)
			TypeCache.Refresh (143ms)
				TypeCache.ScanAssembly (129ms)
			ScanForSourceGeneratedMonoScriptInfo (13ms)
			ResolveRequiredComponents (3ms)
	FinalizeReload (538ms)
		ReleaseScriptCaches (0ms)
		RebuildScriptCaches (0ms)
		SetupLoadedEditorAssemblies (400ms)
			LogAssemblyErrors (0ms)
			InitializePlatformSupportModulesInManaged (7ms)
			SetLoadedEditorAssemblies (4ms)
			RefreshPlugins (0ms)
			BeforeProcessingInitializeOnLoad (60ms)
			ProcessInitializeOnLoadAttributes (302ms)
			ProcessInitializeOnLoadMethodAttributes (18ms)
			AfterProcessingInitializeOnLoad (9ms)
			EditorAssembliesLoaded (0ms)
		ExecutionOrderSort2 (0ms)
		AwakeInstancesAfterBackupRestoration (6ms)
Launched and connected shader compiler UnityShaderCompiler.exe after 0.03 seconds
Refreshing native plugins compatible for Editor in 4.05 ms, found 3 plugins.
Preloading 0 native plugins for Editor in 0.00 ms.
Unloading 3092 Unused Serialized files (Serialized files now loaded: 0)
Unloading 32 unused Assets / (57.4 KB). Loaded Objects now: 3567.
Memory consumption went from 132.1 MB to 132.0 MB.
Total: 3.175900 ms (FindLiveObjects: 0.741400 ms CreateObjectMapping: 0.159900 ms MarkObjects: 2.168800 ms  DeleteObjects: 0.105000 ms)

AssetImportParameters requested are different than current active one (requested -> active):
  custom:container-demuxer-ogg: 62fdf1f143b41e24485cea50d1cbac27 -> 
  custom:video-decoder-ogg-theora: a1e56fd34408186e4bbccfd4996cb3dc -> 
  custom:framework-win-MediaFoundation: 216162199b28c13a410421893ffa2e32 -> 
  custom:CustomObjectIndexerAttribute: 6d391050e5a25f67b0a2c618074f2cd9 -> 
  custom:container-demuxer-webm: 4f35f7cbe854078d1ac9338744f61a02 -> 
  custom:container-muxer-webm: aa71ff27fc2769a1b78a27578f13a17b -> 
  custom:video-decoder-webm-vp8: 9c59270c3fd7afecdb556c50c9e8de78 -> 
  custom:SearchIndexIgnoredProperties: e643bd26f0fe6173181afceb89e7c659 -> 
  custom:AudioImporter_EditorPlatform: d09bf68614088b80899f8185d706f6e7 -> 
  custom:video-encoder-webm-vp8: eb34c28f22e8b96e1ab97ce403110664 -> 
  custom:audio-decoder-ogg-vorbis: bf7c407c2cedff20999df2af8eb42d56 -> 
  custom:audio-encoder-webm-vorbis: bf7c407c2cedff20999df2af8eb42d56 -> 
========================================================================
Received Import Request.
  Time since last request: 506.891944 seconds.
  path: Assets/SH&R+Level+1+Bonus.skp
  artifactKey: Guid(1b12cbaaba99ef34cae77b4ef1808fb2) Importer(815301076,1909f56bfc062723c751e8b465ee728b)
Start importing Assets/SH&R+Level+1+Bonus.skp using Guid(1b12cbaaba99ef34cae77b4ef1808fb2) Importer(815301076,1909f56bfc062723c751e8b465ee728b)  -> (artifact id: '6dffeb16a6ab693a5a4d5b9886fd6e5d') in 0.400685 seconds
Number of updated asset objects reloaded before import = 0
Number of asset objects unloaded after import = 84
========================================================================
Received Import Request.
  Time since last request: 19.879532 seconds.
  path: Assets/SH&R+Level+1+Bonus.skp
  artifactKey: Guid(1b12cbaaba99ef34cae77b4ef1808fb2) Importer(815301076,1909f56bfc062723c751e8b465ee728b)
Start importing Assets/SH&R+Level+1+Bonus.skp using Guid(1b12cbaaba99ef34cae77b4ef1808fb2) Importer(815301076,1909f56bfc062723c751e8b465ee728b)  -> (artifact id: 'bd60fbc037795185de8d6fb0ce4b4543') in 0.404435 seconds
Number of updated asset objects reloaded before import = 0
Number of asset objects unloaded after import = 152
========================================================================
Received Import Request.
  Time since last request: 5.656524 seconds.
  path: Assets/driveway_bmp.png
  artifactKey: Guid(80520b9cb2e61b64080673ea8b1652cc) Importer(815301076,1909f56bfc062723c751e8b465ee728b)
Start importing Assets/driveway_bmp.png using Guid(80520b9cb2e61b64080673ea8b1652cc) Importer(815301076,1909f56bfc062723c751e8b465ee728b)  -> (artifact id: '4be1f413fbc20d11f8a8506e96f46c47') in 0.025624 seconds
Number of updated asset objects reloaded before import = 0
Number of asset objects unloaded after import = 2
========================================================================
Received Import Request.
  Time since last request: 0.410048 seconds.
  path: Assets/escalator_rail_bmp.png
  artifactKey: Guid(48e94641b2aaa8445997615fa32c3619) Importer(815301076,1909f56bfc062723c751e8b465ee728b)
Start importing Assets/escalator_rail_bmp.png using Guid(48e94641b2aaa8445997615fa32c3619) Importer(815301076,1909f56bfc062723c751e8b465ee728b)  -> (artifact id: '65b5753bb1e5d6f9ef678bc49acb966b') in 0.018466 seconds
Number of updated asset objects reloaded before import = 0
Number of asset objects unloaded after import = 2
========================================================================
Received Import Request.
  Time since last request: 0.000971 seconds.
  path: Assets/fence_cedar_bmp.png
  artifactKey: Guid(c22b2f03c6a455940af02922737d9660) Importer(815301076,1909f56bfc062723c751e8b465ee728b)
Start importing Assets/fence_cedar_bmp.png using Guid(c22b2f03c6a455940af02922737d9660) Importer(815301076,1909f56bfc062723c751e8b465ee728b)  -> (artifact id: 'e40b964678af9bb69cc60a7d980949cb') in 0.020248 seconds
Number of updated asset objects reloaded before import = 0
Number of asset objects unloaded after import = 2
========================================================================
Received Import Request.
  Time since last request: 0.025208 seconds.
  path: Assets/finish_line_bmp.png
  artifactKey: Guid(bcb1a5236cf67b1449066a33a581b14c) Importer(815301076,1909f56bfc062723c751e8b465ee728b)
Start importing Assets/finish_line_bmp.png using Guid(bcb1a5236cf67b1449066a33a581b14c) Importer(815301076,1909f56bfc062723c751e8b465ee728b)  -> (artifact id: '05736ab5024ab811b970cabe789c12af') in 0.021323 seconds
Number of updated asset objects reloaded before import = 0
Number of asset objects unloaded after import = 2
========================================================================
Received Import Request.
  Time since last request: 0.053470 seconds.
  path: Assets/firetruck_ladder_bmp.png
  artifactKey: Guid(76ceb8c1c9cee0e44be1a1b1c28f22eb) Importer(815301076,1909f56bfc062723c751e8b465ee728b)
Start importing Assets/firetruck_ladder_bmp.png using Guid(76ceb8c1c9cee0e44be1a1b1c28f22eb) Importer(815301076,1909f56bfc062723c751e8b465ee728b)  -> (artifact id: '08b4e9785a92579994bee3fc39c55656') in 0.018293 seconds
Number of updated asset objects reloaded before import = 0
Number of asset objects unloaded after import = 2
========================================================================
Received Import Request.
  Time since last request: 0.284283 seconds.
  path: Assets/firetruck_wheel_bmp.png
  artifactKey: Guid(535ed78db9ac0cc4ea1e00a2c29898b1) Importer(815301076,1909f56bfc062723c751e8b465ee728b)
Start importing Assets/firetruck_wheel_bmp.png using Guid(535ed78db9ac0cc4ea1e00a2c29898b1) Importer(815301076,1909f56bfc062723c751e8b465ee728b)  -> (artifact id: '33af689b7238245748d45795bf192aae') in 0.019335 seconds
Number of updated asset objects reloaded before import = 0
Number of asset objects unloaded after import = 2
========================================================================
Received Import Request.
  Time since last request: 0.000018 seconds.
  path: Assets/Flags_RWB_bmp.png
  artifactKey: Guid(0b048c0b73b8547479abed40d21adddc) Importer(815301076,1909f56bfc062723c751e8b465ee728b)
Start importing Assets/Flags_RWB_bmp.png using Guid(0b048c0b73b8547479abed40d21adddc) Importer(815301076,1909f56bfc062723c751e8b465ee728b)  -> (artifact id: '47e83445fcc4149a0fab3782b3404764') in 0.019361 seconds
Number of updated asset objects reloaded before import = 0
Number of asset objects unloaded after import = 2
========================================================================
Received Import Request.
  Time since last request: 0.326658 seconds.
  path: Assets/gasStationDoor_bmp.png
  artifactKey: Guid(333727f811f38104d9acd70c9ec07165) Importer(815301076,1909f56bfc062723c751e8b465ee728b)
Start importing Assets/gasStationDoor_bmp.png using Guid(333727f811f38104d9acd70c9ec07165) Importer(815301076,1909f56bfc062723c751e8b465ee728b)  -> (artifact id: '722137824ecaedf7977663bc7678fd2a') in 0.020049 seconds
Number of updated asset objects reloaded before import = 0
Number of asset objects unloaded after import = 2
========================================================================
Received Import Request.
  Time since last request: 0.020037 seconds.
  path: Assets/gasStationWall_bmp.png
  artifactKey: Guid(df4da61fb0dffa14c87d50fce774f694) Importer(815301076,1909f56bfc062723c751e8b465ee728b)
Start importing Assets/gasStationWall_bmp.png using Guid(df4da61fb0dffa14c87d50fce774f694) Importer(815301076,1909f56bfc062723c751e8b465ee728b)  -> (artifact id: '375ef15ddfab17e5a1964b2f77e3d3f9') in 0.018409 seconds
Number of updated asset objects reloaded before import = 0
Number of asset objects unloaded after import = 2
========================================================================
Received Import Request.
  Time since last request: 0.059226 seconds.
  path: Assets/glass_bmp.png
  artifactKey: Guid(fa2528c83d9f7fa4994789425b357b1d) Importer(815301076,1909f56bfc062723c751e8b465ee728b)
Start importing Assets/glass_bmp.png using Guid(fa2528c83d9f7fa4994789425b357b1d) Importer(815301076,1909f56bfc062723c751e8b465ee728b)  -> (artifact id: 'cb510b2bc591ad8444ca4b86f159a619') in 0.019891 seconds
Number of updated asset objects reloaded before import = 0
Number of asset objects unloaded after import = 2
========================================================================
Received Import Request.
  Time since last request: 0.280673 seconds.
  path: Assets/Grn_A_bmp.png
  artifactKey: Guid(178bb70c31abb564883b80849ba208d4) Importer(815301076,1909f56bfc062723c751e8b465ee728b)
Start importing Assets/Grn_A_bmp.png using Guid(178bb70c31abb564883b80849ba208d4) Importer(815301076,1909f56bfc062723c751e8b465ee728b)  -> (artifact id: 'f43630ac9dd91a7fcd963b4bf491b0c4') in 0.017128 seconds
Number of updated asset objects reloaded before import = 0
Number of asset objects unloaded after import = 2
========================================================================
Received Import Request.
  Time since last request: 0.032552 seconds.
  path: Assets/Grn_H_bmp.png
  artifactKey: Guid(bb194e0e40198b64b93dec8ebbd9c8ef) Importer(815301076,1909f56bfc062723c751e8b465ee728b)
Start importing Assets/Grn_H_bmp.png using Guid(bb194e0e40198b64b93dec8ebbd9c8ef) Importer(815301076,1909f56bfc062723c751e8b465ee728b)  -> (artifact id: 'd33a83e29c020614ce1867cc60548efa') in 0.017000 seconds
Number of updated asset objects reloaded before import = 0
Number of asset objects unloaded after import = 2
========================================================================
Received Import Request.
  Time since last request: 0.298321 seconds.
  path: Assets/krust_backdoor_bmp.png
  artifactKey: Guid(384ba69a03ba8d94c9abe6d3a806b12f) Importer(815301076,1909f56bfc062723c751e8b465ee728b)
Start importing Assets/krust_backdoor_bmp.png using Guid(384ba69a03ba8d94c9abe6d3a806b12f) Importer(815301076,1909f56bfc062723c751e8b465ee728b)  -> (artifact id: '65d2df5eca6c0f37a3657da8e647c789') in 0.018127 seconds
Number of updated asset objects reloaded before import = 0
Number of asset objects unloaded after import = 2
========================================================================
Received Import Request.
  Time since last request: 0.019036 seconds.
  path: Assets/krust_wall_bmp.png
  artifactKey: Guid(829804dfbcecb3948b1c76a2b71730e2) Importer(815301076,1909f56bfc062723c751e8b465ee728b)
Start importing Assets/krust_wall_bmp.png using Guid(829804dfbcecb3948b1c76a2b71730e2) Importer(815301076,1909f56bfc062723c751e8b465ee728b)  -> (artifact id: 'd1c10dbe6dabebab8590c2a8a6b94f0a') in 0.019276 seconds
Number of updated asset objects reloaded before import = 0
Number of asset objects unloaded after import = 2
========================================================================
Received Import Request.
  Time since last request: 2.990559 seconds.
  path: Assets/LardDuct_bmp.png
  artifactKey: Guid(bc07266fa78053645987cb19a38edd63) Importer(815301076,1909f56bfc062723c751e8b465ee728b)
Start importing Assets/LardDuct_bmp.png using Guid(bc07266fa78053645987cb19a38edd63) Importer(815301076,1909f56bfc062723c751e8b465ee728b)  -> (artifact id: 'da687ee448c6e115100795de562532b6') in 0.017498 seconds
Number of updated asset objects reloaded before import = 0
Number of asset objects unloaded after import = 2
========================================================================
Received Import Request.
  Time since last request: 0.044309 seconds.
  path: Assets/monorail_trainSide_BMP.png
  artifactKey: Guid(ccb1e57372d8e024aaa0e97ff1dbada6) Importer(815301076,1909f56bfc062723c751e8b465ee728b)
Start importing Assets/monorail_trainSide_BMP.png using Guid(ccb1e57372d8e024aaa0e97ff1dbada6) Importer(815301076,1909f56bfc062723c751e8b465ee728b)  -> (artifact id: '751db6400faef689060be3325783c900') in 0.017320 seconds
Number of updated asset objects reloaded before import = 0
Number of asset objects unloaded after import = 2
========================================================================
Received Import Request.
  Time since last request: 0.045152 seconds.
  path: Assets/OakS_bmp.png
  artifactKey: Guid(ba525cccdba5dea49962f5649e98592a) Importer(815301076,1909f56bfc062723c751e8b465ee728b)
Start importing Assets/OakS_bmp.png using Guid(ba525cccdba5dea49962f5649e98592a) Importer(815301076,1909f56bfc062723c751e8b465ee728b)  -> (artifact id: '46540fb29c857ecde35797e6c42c2f51') in 0.018322 seconds
Number of updated asset objects reloaded before import = 0
Number of asset objects unloaded after import = 2
========================================================================
Received Import Request.
  Time since last request: 0.008282 seconds.
  path: Assets/opt_pink_a_bmp.png
  artifactKey: Guid(080436ef58b94564c95dcf5f53441872) Importer(815301076,1909f56bfc062723c751e8b465ee728b)
Start importing Assets/opt_pink_a_bmp.png using Guid(080436ef58b94564c95dcf5f53441872) Importer(815301076,1909f56bfc062723c751e8b465ee728b)  -> (artifact id: '475fc4847768f576167534d6eaac3077') in 0.017237 seconds
Number of updated asset objects reloaded before import = 0
Number of asset objects unloaded after import = 2
========================================================================
Received Import Request.
  Time since last request: 0.016642 seconds.
  path: Assets/opt_purp_A_bmp.png
  artifactKey: Guid(9d420f7a10664464db30709e0b31e6f9) Importer(815301076,1909f56bfc062723c751e8b465ee728b)
Start importing Assets/opt_purp_A_bmp.png using Guid(9d420f7a10664464db30709e0b31e6f9) Importer(815301076,1909f56bfc062723c751e8b465ee728b)  -> (artifact id: 'e5c760e80b3829127fce9edd80ed4752') in 0.017284 seconds
Number of updated asset objects reloaded before import = 0
Number of asset objects unloaded after import = 2
========================================================================
Received Import Request.
  Time since last request: 0.035778 seconds.
  path: Assets/rd1_norm_bmp.png
  artifactKey: Guid(9794037589c301d479e99ba1475863d5) Importer(815301076,1909f56bfc062723c751e8b465ee728b)
Start importing Assets/rd1_norm_bmp.png using Guid(9794037589c301d479e99ba1475863d5) Importer(815301076,1909f56bfc062723c751e8b465ee728b)  -> (artifact id: 'de189f278e3223e2f0aa7c57a8135d64') in 0.017617 seconds
Number of updated asset objects reloaded before import = 0
Number of asset objects unloaded after import = 2
========================================================================
Received Import Request.
  Time since last request: 0.016774 seconds.
  path: Assets/rd2_norm_bmp.png
  artifactKey: Guid(c714201faba664249bfea692c15c354f) Importer(815301076,1909f56bfc062723c751e8b465ee728b)
Start importing Assets/rd2_norm_bmp.png using Guid(c714201faba664249bfea692c15c354f) Importer(815301076,1909f56bfc062723c751e8b465ee728b)  -> (artifact id: 'a28f1d0693977ee640ad7b02939603c9') in 0.020197 seconds
Number of updated asset objects reloaded before import = 0
Number of asset objects unloaded after import = 2
========================================================================
Received Import Request.
  Time since last request: 0.005541 seconds.
  path: Assets/rd3_cobble_BMP.png
  artifactKey: Guid(d982a4c09b9155744a083d670c8df78e) Importer(815301076,1909f56bfc062723c751e8b465ee728b)
Start importing Assets/rd3_cobble_BMP.png using Guid(d982a4c09b9155744a083d670c8df78e) Importer(815301076,1909f56bfc062723c751e8b465ee728b)  -> (artifact id: 'd052a9c41911d8b7862422a447543115') in 0.018422 seconds
Number of updated asset objects reloaded before import = 0
Number of asset objects unloaded after import = 2
========================================================================
Received Import Request.
  Time since last request: 0.013123 seconds.
  path: Assets/Ret_Wood_bmp.png
  artifactKey: Guid(69453a1bcffc71246b4f90baf875a266) Importer(815301076,1909f56bfc062723c751e8b465ee728b)
Start importing Assets/Ret_Wood_bmp.png using Guid(69453a1bcffc71246b4f90baf875a266) Importer(815301076,1909f56bfc062723c751e8b465ee728b)  -> (artifact id: 'ddd1486d6a40cc869bedf01f48e707b2') in 0.018262 seconds
Number of updated asset objects reloaded before import = 0
Number of asset objects unloaded after import = 2
========================================================================
Received Import Request.
  Time since last request: 0.000014 seconds.
  path: Assets/roof_B_bmp.png
  artifactKey: Guid(7131344a5302e564193ee6cd256fab11) Importer(815301076,1909f56bfc062723c751e8b465ee728b)
Start importing Assets/roof_B_bmp.png using Guid(7131344a5302e564193ee6cd256fab11) Importer(815301076,1909f56bfc062723c751e8b465ee728b)  -> (artifact id: '002531b73a1ac30af1f1ed1bb8fa4d9a') in 0.018059 seconds
Number of updated asset objects reloaded before import = 0
Number of asset objects unloaded after import = 2
========================================================================
Received Import Request.
  Time since last request: 0.047066 seconds.
  path: Assets/sidewlk_bmp.png
  artifactKey: Guid(21c000718c8ff2346b0037d419fbfb3d) Importer(815301076,1909f56bfc062723c751e8b465ee728b)
Start importing Assets/sidewlk_bmp.png using Guid(21c000718c8ff2346b0037d419fbfb3d) Importer(815301076,1909f56bfc062723c751e8b465ee728b)  -> (artifact id: '62fc1ce175be7cbca01f47b074392eaa') in 0.016576 seconds
Number of updated asset objects reloaded before import = 0
Number of asset objects unloaded after import = 2
========================================================================
Received Import Request.
  Time since last request: 0.015611 seconds.
  path: Assets/start_line_bmp.png
  artifactKey: Guid(3e2faf15fecf5734eb5ce42c8fb96d3c) Importer(815301076,1909f56bfc062723c751e8b465ee728b)
Start importing Assets/start_line_bmp.png using Guid(3e2faf15fecf5734eb5ce42c8fb96d3c) Importer(815301076,1909f56bfc062723c751e8b465ee728b)  -> (artifact id: '92aa1f053229f63627742385f7543706') in 0.018190 seconds
Number of updated asset objects reloaded before import = 0
Number of asset objects unloaded after import = 2
========================================================================
Received Import Request.
  Time since last request: 0.033081 seconds.
  path: Assets/TreetrunkA_bmp.png
  artifactKey: Guid(49d8350cd18e9e04b87604259761bb9f) Importer(815301076,1909f56bfc062723c751e8b465ee728b)
Start importing Assets/TreetrunkA_bmp.png using Guid(49d8350cd18e9e04b87604259761bb9f) Importer(815301076,1909f56bfc062723c751e8b465ee728b)  -> (artifact id: '089d66104c6ce7b2b4a1aeec4ea5c0fd') in 0.016446 seconds
Number of updated asset objects reloaded before import = 0
Number of asset objects unloaded after import = 2
========================================================================
Received Import Request.
  Time since last request: 0.006386 seconds.
  path: Assets/vehicle_semi_BMP.png
  artifactKey: Guid(b544fdcd5a0e22e48bc7e084bc1d4cbb) Importer(815301076,1909f56bfc062723c751e8b465ee728b)
Start importing Assets/vehicle_semi_BMP.png using Guid(b544fdcd5a0e22e48bc7e084bc1d4cbb) Importer(815301076,1909f56bfc062723c751e8b465ee728b)  -> (artifact id: '33966c06c1122f9976b8d9ccfef4b87c') in 0.017921 seconds
Number of updated asset objects reloaded before import = 0
Number of asset objects unloaded after import = 2
========================================================================
Received Import Request.
  Time since last request: 325.144226 seconds.
  path: Assets/PC Computer - The Simpsons Hit & Run - Family Sedan/Family Sedan/engine_bmp.png
  artifactKey: Guid(5f323774271822c459abaddba6f75dfe) Importer(815301076,1909f56bfc062723c751e8b465ee728b)
Start importing Assets/PC Computer - The Simpsons Hit & Run - Family Sedan/Family Sedan/engine_bmp.png using Guid(5f323774271822c459abaddba6f75dfe) Importer(815301076,1909f56bfc062723c751e8b465ee728b)  -> (artifact id: '2043f3bece4ece9dc2cf6d1a30f4d147') in 0.019686 seconds
Number of updated asset objects reloaded before import = 0
Number of asset objects unloaded after import = 2
========================================================================
Received Import Request.
  Time since last request: 0.000017 seconds.
  path: Assets/PC Computer - The Simpsons Hit & Run - Family Sedan/Family Sedan/famil_vDoorPNorm_bmp.png
  artifactKey: Guid(aae7fdb7887398d4fb6eed9408ded86e) Importer(815301076,1909f56bfc062723c751e8b465ee728b)
Start importing Assets/PC Computer - The Simpsons Hit & Run - Family Sedan/Family Sedan/famil_vDoorPNorm_bmp.png using Guid(aae7fdb7887398d4fb6eed9408ded86e) Importer(815301076,1909f56bfc062723c751e8b465ee728b)  -> (artifact id: '240dd0195cfaeefca05473c900da0c22') in 0.024308 seconds
Number of updated asset objects reloaded before import = 0
Number of asset objects unloaded after import = 2
========================================================================
Received Import Request.
  Time since last request: 0.000015 seconds.
  path: Assets/PC Computer - The Simpsons Hit & Run - Family Sedan/Family Sedan/famil_vDuff_bmp.png
  artifactKey: Guid(0ac0f5a2354059e48ab279cd557ee6d6) Importer(815301076,1909f56bfc062723c751e8b465ee728b)
Start importing Assets/PC Computer - The Simpsons Hit & Run - Family Sedan/Family Sedan/famil_vDuff_bmp.png using Guid(0ac0f5a2354059e48ab279cd557ee6d6) Importer(815301076,1909f56bfc062723c751e8b465ee728b)  -> (artifact id: '900e6488b5847c5c4e269186d1c808eb') in 0.026982 seconds
Number of updated asset objects reloaded before import = 0
Number of asset objects unloaded after import = 2
========================================================================
Received Import Request.
  Time since last request: 0.000018 seconds.
  path: Assets/PC Computer - The Simpsons Hit & Run - Family Sedan/Family Sedan/famil_vBackDam_bmp.png
  artifactKey: Guid(16383bd1b050b8a4ba87733dbacab383) Importer(815301076,1909f56bfc062723c751e8b465ee728b)
Start importing Assets/PC Computer - The Simpsons Hit & Run - Family Sedan/Family Sedan/famil_vBackDam_bmp.png using Guid(16383bd1b050b8a4ba87733dbacab383) Importer(815301076,1909f56bfc062723c751e8b465ee728b)  -> (artifact id: '1e9dcfb3f1b8ea5520bebc15a50d7a14') in 0.027857 seconds
Number of updated asset objects reloaded before import = 0
Number of asset objects unloaded after import = 2
========================================================================
Received Import Request.
  Time since last request: 2.578719 seconds.
  path: Assets/PC Computer - The Simpsons Hit & Run - Family Sedan/Family Sedan/Parts/DoorPRotShape.obj
  artifactKey: Guid(37a4ab777f32add4dbaac6092100c948) Importer(815301076,1909f56bfc062723c751e8b465ee728b)
Start importing Assets/PC Computer - The Simpsons Hit & Run - Family Sedan/Family Sedan/Parts/DoorPRotShape.obj using Guid(37a4ab777f32add4dbaac6092100c948) Importer(815301076,1909f56bfc062723c751e8b465ee728b)  -> (artifact id: 'c6bd2d1a79056fd8ac8ee1408836f99d') in 0.036858 seconds
Number of updated asset objects reloaded before import = 0
Number of asset objects unloaded after import = 21
========================================================================
Received Import Request.
  Time since last request: 0.000020 seconds.
  path: Assets/PC Computer - The Simpsons Hit & Run - Family Sedan/Family Sedan/Parts/famil_vShape.obj
  artifactKey: Guid(e0475359bbed3174f8c5f2c4c5105df2) Importer(815301076,1909f56bfc062723c751e8b465ee728b)
Start importing Assets/PC Computer - The Simpsons Hit & Run - Family Sedan/Family Sedan/Parts/famil_vShape.obj using Guid(e0475359bbed3174f8c5f2c4c5105df2) Importer(815301076,1909f56bfc062723c751e8b465ee728b)  -> (artifact id: 'de74bf77de00528a9f15388722df83c4') in 0.054713 seconds
Number of updated asset objects reloaded before import = 0
Number of asset objects unloaded after import = 30
========================================================================
Received Import Request.
  Time since last request: 0.000016 seconds.
  path: Assets/PC Computer - The Simpsons Hit & Run - Family Sedan/Family Sedan/Parts/extrasShape.obj
  artifactKey: Guid(8772083f99dee604f822c8dead7f322c) Importer(815301076,1909f56bfc062723c751e8b465ee728b)
Start importing Assets/PC Computer - The Simpsons Hit & Run - Family Sedan/Family Sedan/Parts/extrasShape.obj using Guid(8772083f99dee604f822c8dead7f322c) Importer(815301076,1909f56bfc062723c751e8b465ee728b)  -> (artifact id: 'c141d95569194ee5adcd71ddbc116e24') in 0.025700 seconds
Number of updated asset objects reloaded before import = 0
Number of asset objects unloaded after import = 15
========================================================================
Received Import Request.
  Time since last request: 2.570651 seconds.
  path: Assets/PC Computer - The Simpsons Hit & Run - Family Sedan/Family Sedan/Parts/wShape1.obj
  artifactKey: Guid(2c0f0921ebf2dbf4c9a9c871463e1c1a) Importer(815301076,1909f56bfc062723c751e8b465ee728b)
Start importing Assets/PC Computer - The Simpsons Hit & Run - Family Sedan/Family Sedan/Parts/wShape1.obj using Guid(2c0f0921ebf2dbf4c9a9c871463e1c1a) Importer(815301076,1909f56bfc062723c751e8b465ee728b)  -> (artifact id: 'a1e59cb26f69a6e35b294d4970340e60') in 0.019135 seconds
Number of updated asset objects reloaded before import = 0
Number of asset objects unloaded after import = 11
========================================================================
Received Import Request.
  Time since last request: 114.016968 seconds.
  path: Assets/PC Computer - The Simpsons Hit & Run - Family Sedan/Family Sedan/famil_vHoodNorm_bmp.png
  artifactKey: Guid(778162fb5150e584a925f65c36df3191) Importer(815301076,1909f56bfc062723c751e8b465ee728b)
Start importing Assets/PC Computer - The Simpsons Hit & Run - Family Sedan/Family Sedan/famil_vHoodNorm_bmp.png using Guid(778162fb5150e584a925f65c36df3191) Importer(815301076,1909f56bfc062723c751e8b465ee728b)  -> (artifact id: '8d4808c8932f28e82134bf6591a7658b') in 0.021693 seconds
Number of updated asset objects reloaded before import = 0
Number of asset objects unloaded after import = 2
========================================================================
Received Import Request.
  Time since last request: 0.249290 seconds.
  path: Assets/PC Computer - The Simpsons Hit & Run - Family Sedan/Family Sedan/famil_vSide_bmp.png
  artifactKey: Guid(e57ea0437ca651848b0ede8f93a43d33) Importer(815301076,1909f56bfc062723c751e8b465ee728b)
Start importing Assets/PC Computer - The Simpsons Hit & Run - Family Sedan/Family Sedan/famil_vSide_bmp.png using Guid(e57ea0437ca651848b0ede8f93a43d33) Importer(815301076,1909f56bfc062723c751e8b465ee728b)  -> (artifact id: 'f19d02d7700c6e522a8801a5ce12b054') in 0.035965 seconds
Number of updated asset objects reloaded before import = 0
Number of asset objects unloaded after import = 2
========================================================================
Received Import Request.
  Time since last request: 0.325203 seconds.
  path: Assets/PC Computer - The Simpsons Hit & Run - Family Sedan/Family Sedan/family_vTrim2_bmp.png
  artifactKey: Guid(4b24e749e3f09c14cb69c72c3a345053) Importer(815301076,1909f56bfc062723c751e8b465ee728b)
Start importing Assets/PC Computer - The Simpsons Hit & Run - Family Sedan/Family Sedan/family_vTrim2_bmp.png using Guid(4b24e749e3f09c14cb69c72c3a345053) Importer(815301076,1909f56bfc062723c751e8b465ee728b)  -> (artifact id: '53aee1fc571652d696fd72205c67b2fe') in 0.032007 seconds
Number of updated asset objects reloaded before import = 0
Number of asset objects unloaded after import = 2
========================================================================
Received Import Request.
  Time since last request: 0.000013 seconds.
  path: Assets/PC Computer - The Simpsons Hit & Run - Family Sedan/Family Sedan/Windsheild_bmp.png
  artifactKey: Guid(8b6d4e27cc7a1024797a6bc3e04358da) Importer(815301076,1909f56bfc062723c751e8b465ee728b)
Start importing Assets/PC Computer - The Simpsons Hit & Run - Family Sedan/Family Sedan/Windsheild_bmp.png using Guid(8b6d4e27cc7a1024797a6bc3e04358da) Importer(815301076,1909f56bfc062723c751e8b465ee728b)  -> (artifact id: '8a60b03e9eb6c6e0bb22d69649e7962b') in 0.027571 seconds
Number of updated asset objects reloaded before import = 0
Number of asset objects unloaded after import = 2
========================================================================
Received Prepare
Begin MonoManager ReloadAssembly
- Loaded All Assemblies, in  0.388 seconds
Refreshing native plugins compatible for Editor in 2.73 ms, found 3 plugins.
Native extension for WindowsStandalone target not found
Native extension for WebGL target not found
[Package Manager] Server::EnsureServerProcessIsRunning -- launch failed, reason: Unity was launched with the -noUpm command-line argument
[Package Manager] UpmClient::Send -- Unable to send message (not connected to UPM process).
[Package Manager] Cannot connect to Unity Package Manager local server
Mono: successfully reloaded assembly
- Finished resetting the current domain, in  0.805 seconds
Domain Reload Profiling: 1189ms
	BeginReloadAssembly (136ms)
		ExecutionOrderSort (0ms)
		DisableScriptedObjects (4ms)
		BackupInstance (0ms)
		ReleaseScriptingObjects (0ms)
		CreateAndSetChildDomain (28ms)
	RebuildCommonClasses (30ms)
	RebuildNativeTypeToScriptingClass (11ms)
	initialDomainReloadingComplete (32ms)
	LoadAllAssembliesAndSetupDomain (177ms)
		LoadAssemblies (243ms)
		RebuildTransferFunctionScriptingTraits (0ms)
		AnalyzeDomain (9ms)
			TypeCache.Refresh (4ms)
				TypeCache.ScanAssembly (0ms)
			ScanForSourceGeneratedMonoScriptInfo (0ms)
			ResolveRequiredComponents (4ms)
	FinalizeReload (805ms)
		ReleaseScriptCaches (0ms)
		RebuildScriptCaches (0ms)
		SetupLoadedEditorAssemblies (379ms)
			LogAssemblyErrors (0ms)
			InitializePlatformSupportModulesInManaged (7ms)
			SetLoadedEditorAssemblies (4ms)
			RefreshPlugins (0ms)
			BeforeProcessingInitializeOnLoad (59ms)
			ProcessInitializeOnLoadAttributes (280ms)
			ProcessInitializeOnLoadMethodAttributes (20ms)
			AfterProcessingInitializeOnLoad (8ms)
			EditorAssembliesLoaded (0ms)
		ExecutionOrderSort2 (0ms)
		AwakeInstancesAfterBackupRestoration (6ms)
Refreshing native plugins compatible for Editor in 3.08 ms, found 3 plugins.
Preloading 0 native plugins for Editor in 0.00 ms.
Unloading 3084 Unused Serialized files (Serialized files now loaded: 0)
Unloading 23 unused Assets / (31.0 KB). Loaded Objects now: 3622.
Memory consumption went from 137.8 MB to 137.7 MB.
Total: 2.613200 ms (FindLiveObjects: 0.304400 ms CreateObjectMapping: 0.083900 ms MarkObjects: 2.181800 ms  DeleteObjects: 0.042300 ms)

Prepare: number of updated asset objects reloaded= 0
AssetImportParameters requested are different than current active one (requested -> active):
  custom:container-demuxer-ogg: 62fdf1f143b41e24485cea50d1cbac27 -> 
  custom:video-decoder-ogg-theora: a1e56fd34408186e4bbccfd4996cb3dc -> 
  custom:framework-win-MediaFoundation: 216162199b28c13a410421893ffa2e32 -> 
  custom:CustomObjectIndexerAttribute: 6d391050e5a25f67b0a2c618074f2cd9 -> 
  custom:container-demuxer-webm: 4f35f7cbe854078d1ac9338744f61a02 -> 
  custom:container-muxer-webm: aa71ff27fc2769a1b78a27578f13a17b -> 
  custom:video-decoder-webm-vp8: 9c59270c3fd7afecdb556c50c9e8de78 -> 
  custom:SearchIndexIgnoredProperties: e643bd26f0fe6173181afceb89e7c659 -> 
  custom:AudioImporter_EditorPlatform: d09bf68614088b80899f8185d706f6e7 -> 
  custom:video-encoder-webm-vp8: eb34c28f22e8b96e1ab97ce403110664 -> 
  custom:audio-decoder-ogg-vorbis: bf7c407c2cedff20999df2af8eb42d56 -> 
  custom:audio-encoder-webm-vorbis: bf7c407c2cedff20999df2af8eb42d56 -> 
========================================================================
Received Import Request.
  Time since last request: 762.454250 seconds.
  path: Assets/random stuff/50s Car Brand Planet Hype/brakeFlareB.bmp.png
  artifactKey: Guid(ced42b3afdae90a47a99286842bd335a) Importer(815301076,1909f56bfc062723c751e8b465ee728b)
Start importing Assets/random stuff/50s Car Brand Planet Hype/brakeFlareB.bmp.png using Guid(ced42b3afdae90a47a99286842bd335a) Importer(815301076,1909f56bfc062723c751e8b465ee728b)  -> (artifact id: '52e2dd3d0dcf98935311b7356b3b1f7e') in 0.055167 seconds
Number of updated asset objects reloaded before import = 0
Number of asset objects unloaded after import = 2
========================================================================
Received Import Request.
  Time since last request: 0.000015 seconds.
  path: Assets/random stuff/50s Car Brand Planet Hype/Windsheild.bmp.png
  artifactKey: Guid(144b9cf06c1674642942b5242eb8a58a) Importer(815301076,1909f56bfc062723c751e8b465ee728b)
Start importing Assets/random stuff/50s Car Brand Planet Hype/Windsheild.bmp.png using Guid(144b9cf06c1674642942b5242eb8a58a) Importer(815301076,1909f56bfc062723c751e8b465ee728b)  -> (artifact id: '5bd675d52617f0fa885750086eb3b866') in 0.029541 seconds
Number of updated asset objects reloaded before import = 0
Number of asset objects unloaded after import = 2
========================================================================
Received Import Request.
  Time since last request: 0.000015 seconds.
  path: Assets/random stuff/50s Car Brand Planet Hype/EnvMap.bmp.png
  artifactKey: Guid(fb90a4a76d427414c8d1107f137beb97) Importer(815301076,1909f56bfc062723c751e8b465ee728b)
Start importing Assets/random stuff/50s Car Brand Planet Hype/EnvMap.bmp.png using Guid(fb90a4a76d427414c8d1107f137beb97) Importer(815301076,1909f56bfc062723c751e8b465ee728b)  -> (artifact id: '53461d19a953e03e0784d2fbe00724bb') in 0.036575 seconds
Number of updated asset objects reloaded before import = 0
Number of asset objects unloaded after import = 2
========================================================================
Received Import Request.
  Time since last request: 51.581768 seconds.
  path: Assets/random stuff/Family Sedan/Parts/famil_vShape.obj
  artifactKey: Guid(e0475359bbed3174f8c5f2c4c5105df2) Importer(815301076,1909f56bfc062723c751e8b465ee728b)
Start importing Assets/random stuff/Family Sedan/Parts/famil_vShape.obj using Guid(e0475359bbed3174f8c5f2c4c5105df2) Importer(815301076,1909f56bfc062723c751e8b465ee728b)  -> (artifact id: 'f9033c8d8c00a93e083f295fd11ef510') in 0.119303 seconds
Number of updated asset objects reloaded before import = 0
Number of asset objects unloaded after import = 30
========================================================================
Received Import Request.
  Time since last request: 216.173501 seconds.
  path: Assets/random stuff/50s Car Brand Planet Hype/brakeFlareB.bmp 1.png
  artifactKey: Guid(f7372950cc9fcd340912dcb68c2e4c2e) Importer(815301076,1909f56bfc062723c751e8b465ee728b)
Start importing Assets/random stuff/50s Car Brand Planet Hype/brakeFlareB.bmp 1.png using Guid(f7372950cc9fcd340912dcb68c2e4c2e) Importer(815301076,1909f56bfc062723c751e8b465ee728b)  -> (artifact id: '129a667f9866e796b922974e3ac887f4') in 0.036262 seconds
Number of updated asset objects reloaded before import = 0
Number of asset objects unloaded after import = 2
========================================================================
Received Import Request.
  Time since last request: 0.000019 seconds.
  path: Assets/random stuff/50s Car Brand Planet Hype/Planet Hype Car 1.obj
  artifactKey: Guid(91b8b8b003751a74db8bf4c2efa069b2) Importer(815301076,1909f56bfc062723c751e8b465ee728b)
Start importing Assets/random stuff/50s Car Brand Planet Hype/Planet Hype Car 1.obj using Guid(91b8b8b003751a74db8bf4c2efa069b2) Importer(815301076,1909f56bfc062723c751e8b465ee728b)  -> (artifact id: '61c53ecfa0e9dd7706fbfe6c83ef1bc4') in 0.023365 seconds
Number of updated asset objects reloaded before import = 0
Number of asset objects unloaded after import = 10
Editor requested this worker to shutdown with reason: Scaling down because of idle timeout
TcpMessagingSession - receive error: operation aborted. errorcode: 995, details: The I/O operation has been aborted because of either a thread exit or an application request.
AssetImportWorker is now disconnected from the server
Process exiting
Exiting without the bug reporter. Application will terminate with return code 0